<?xml version="1.0" encoding="UTF-8"?>
<!-- Generated by org.testng.reporters.JUnitReportReporter -->
<testsuite hostname="device" failures="0" tests="6" name="api.test.DDTests" time="2.600" errors="0" timestamp="2023-10-18T16:29:06 EDT" skipped="0">
  <testcase classname="api.test.DDTests" name="testPostuser" time="0.190"/>
  <system-out/>
  <testcase classname="api.test.DDTests" name="testPostuser" time="1.657"/>
  <system-out/>
  <testcase classname="api.test.DDTests" name="testPostuser" time="0.189"/>
  <system-out/>
  <testcase classname="api.test.DDTests" name="testPostuser" time="0.188"/>
  <system-out/>
  <testcase classname="api.test.DDTests" name="testPostuser" time="0.191"/>
  <system-out/>
  <testcase classname="api.test.DDTests" name="testPostuser" time="0.185"/>
  <system-out/>
</testsuite> <!-- api.test.DDTests -->
