<?xml version="1.0" encoding="UTF-8"?>
<!-- Generated by org.testng.reporters.JUnitReportReporter -->
<testsuite hostname="device" failures="0" tests="4" name="api.test.UserTest" time="1.056" errors="0" timestamp="2023-10-18T16:29:06 EDT" skipped="0">
  <testcase classname="api.test.UserTest" name="testPostUser" time="0.287"/>
  <system-out/>
  <testcase classname="api.test.UserTest" name="testGetUserByName" time="0.258"/>
  <system-out/>
  <testcase classname="api.test.UserTest" name="testUpdateUserByName" time="0.343"/>
  <system-out/>
  <testcase classname="api.test.UserTest" name="testDeletetUserByName" time="0.168"/>
  <system-out/>
</testsuite> <!-- api.test.UserTest -->
