<?xml version="1.0" encoding="UTF-8"?>
<!-- Generated by org.testng.reporters.JUnitReportReporter -->
<testsuite hostname="device" failures="0" tests="4" name="api.test.UserTest2" time="3.042" errors="0" timestamp="2023-10-18T00:39:36 EDT" skipped="0">
  <testcase classname="api.test.UserTest2" name="testPostUser" time="2.112"/>
  <system-out/>
  <testcase classname="api.test.UserTest2" name="testGetUserByName" time="0.200"/>
  <system-out/>
  <testcase classname="api.test.UserTest2" name="testUpdateUserByName" time="0.479"/>
  <system-out/>
  <testcase classname="api.test.UserTest2" name="testDeletetUserByName" time="0.251"/>
  <system-out/>
</testsuite> <!-- api.test.UserTest2 -->
