<?xml version="1.0" encoding="UTF-8"?>
<!-- Generated by org.testng.reporters.JUnitReportReporter -->
<testsuite hostname="device" failures="0" tests="4" name="api.test.UserTest" time="2.732" errors="0" timestamp="2023-10-17T17:23:48 EDT" skipped="0">
  <testcase classname="api.test.UserTest" name="testPostUser" time="1.718"/>
  <system-out/>
  <testcase classname="api.test.UserTest" name="testGetUserByName" time="0.206"/>
  <system-out/>
  <testcase classname="api.test.UserTest" name="testUpdateUserByName" time="0.544"/>
  <system-out/>
  <testcase classname="api.test.UserTest" name="testDeletetUserByName" time="0.264"/>
  <system-out/>
</testsuite> <!-- api.test.UserTest -->
