<?xml version="1.0" encoding="UTF-8"?>
<!-- Generated by org.testng.reporters.JUnitReportReporter -->
<testsuite hostname="device" failures="0" tests="6" name="api.test.DDTests" time="5.497" errors="0" timestamp="2023-10-17T22:43:56 EDT" skipped="0">
  <testcase classname="api.test.DDTests" name="testPostuser" time="0.249"/>
  <system-out/>
  <testcase classname="api.test.DDTests" name="testPostuser" time="4.270"/>
  <system-out/>
  <testcase classname="api.test.DDTests" name="testPostuser" time="0.208"/>
  <system-out/>
  <testcase classname="api.test.DDTests" name="testPostuser" time="0.251"/>
  <system-out/>
  <testcase classname="api.test.DDTests" name="testPostuser" time="0.286"/>
  <system-out/>
  <testcase classname="api.test.DDTests" name="testPostuser" time="0.233"/>
  <system-out/>
</testsuite> <!-- api.test.DDTests -->
